#
# A fatal error has been detected by the Java Runtime Environment:
#
#  EXCEPTION_ACCESS_VIOLATION (0xc0000005) at pc=0x000001e4ae479fc0, pid=6372, tid=1088
#
# JRE version: OpenJDK Runtime Environment (15.0.1+9) (build 15.0.1+9-18)
# Java VM: OpenJDK 64-Bit Server VM (15.0.1+9-18, mixed mode, tiered, compressed oops, g1 gc, windows-amd64)
# Problematic frame:
# C  0x000001e4ae479fc0
#
# No core dump will be written. Minidumps are not enabled by default on client versions of Windows
#
# If you would like to submit a bug report, please visit:
#   https://bugreport.java.com/bugreport/crash.jsp
#

---------------  S U M M A R Y ------------

Command Line: -XX:+ShowCodeDetailsInExceptionMessages -agentlib:jdwp=transport=dt_socket,suspend=y,address=localhost:51670 -Dmaven.home=EMBEDDED -Dclassworlds.conf=C:\sanha\.metadata\.plugins\org.eclipse.m2e.launching\launches\m2conf15713282656154290886.tmp -Dmaven.multiModuleProjectDirectory=C:\Users\mount\git\2021Camp\2021Project -Djansi.force=true -Djansi.passthrough=true -javaagent:C:\Users\mount\Downloads\sts-4.9.0.RELEASE\configuration\org.eclipse.osgi\252\0\.cp\lib\javaagent-shaded.jar -Dfile.encoding=UTF-8 org.codehaus.plexus.classworlds.launcher.Launcher -B install -Dstyle.color=always

Host: Intel(R) Core(TM) i7-8565U CPU @ 1.80GHz, 8 cores, 7G,  Windows 10 , 64 bit Build 18362 (10.0.18362.1316)
Time: Tue Jan 26 16:52:16 2021 ¢¥eCN©öI¡¾©ö C¡ÍA¨ª¨öA elapsed time: 4.044567 seconds (0d 0h 0m 4s)

---------------  T H R E A D  ---------------

Current thread (0x000001e4ba19a7b0):  JavaThread "main" [_thread_in_Java, id=1088, stack(0x000000a612100000,0x000000a612200000)]

Stack: [0x000000a612100000,0x000000a612200000],  sp=0x000000a6121fe488,  free space=1017k
Native frames: (J=compiled Java code, j=interpreted, Vv=VM code, C=native code)
C  0x000001e4ae479fc0


siginfo: EXCEPTION_ACCESS_VIOLATION (0xc0000005), data execution prevention violation at address 0x000001e4ae479fc0


Register to memory mapping:

RIP=0x000001e4ae479fc0 is an unknown value
RAX=0x0000000000000005 is an unknown value
RBX=0x0000000000000158 is an unknown value
RCX=0x00000000872ac988 is an oop: org.codehaus.plexus.classworlds.realm.ClassRealm 
{0x00000000872ac988} - klass: 'org/codehaus/plexus/classworlds/realm/ClassRealm'
RDX=0x000000008af8c1e8 is an oop: java.lang.String 
{0x000000008af8c1e8} - klass: 'java/lang/String'
RSP=0x000000a6121fe488 is pointing into the stack for thread: 0x000001e4ba19a7b0
RBP=0x000000a6121fe740 is pointing into the stack for thread: 0x000001e4ba19a7b0
RSI=0x000001e4d6facc98 is pointing into metadata
RDI=0x000000000000001a is an unknown value
R8 =0x000000008af8c1e8 is an oop: java.lang.String 
{0x000000008af8c1e8} - klass: 'java/lang/String'
R9 =0x000000000000002b is an unknown value
R10=0x00007ff81e18f120 jvm.dll
R11=0x000001e4be47e5c0 is at entry_point+32 in (nmethod*)0x000001e4be47e390
R12=0x0 is NULL
R13=0x000000a6121fe6e8 is pointing into the stack for thread: 0x000001e4ba19a7b0
R14=0x000000a6121fe760 is pointing into the stack for thread: 0x000001e4ba19a7b0
R15=0x000001e4ba19a7b0 is a thread


Registers:
RAX=0x0000000000000005, RBX=0x0000000000000158, RCX=0x00000000872ac988, RDX=0x000000008af8c1e8
RSP=0x000000a6121fe488, RBP=0x000000a6121fe740, RSI=0x000001e4d6facc98, RDI=0x000000000000001a
R8 =0x000000008af8c1e8, R9 =0x000000000000002b, R10=0x00007ff81e18f120, R11=0x000001e4be47e5c0
R12=0x0000000000000000, R13=0x000000a6121fe6e8, R14=0x000000a6121fe760, R15=0x000001e4ba19a7b0
RIP=0x000001e4ae479fc0, EFLAGS=0x0000000000010202

Top of Stack: (sp=0x000000a6121fe488)
0x000000a6121fe488:   000001e4be47f15c 000001e4b80013e0
0x000000a6121fe498:   000001e4b8001420 000001e4b80014c8
0x000000a6121fe4a8:   00000000000000d8 000000a6121fedd0
0x000000a6121fe4b8:   000001e4ba19ac90 000001e4ba19ac90
0x000000a6121fe4c8:   000001e4ba19a7b0 0000000000000011
0x000000a6121fe4d8:   00007ff81dd9987a 0000000000000000
0x000000a6121fe4e8:   0000000000000000 000000000ad8582b
0x000000a6121fe4f8:   000001e4ba19ac90 0000000087314618
0x000000a6121fe508:   000000008af8c1e8 000001e4ba19a7b0
0x000000a6121fe518:   00007ff81dd99a3e 0000000000000000
0x000000a6121fe528:   000001e4ba19a7b0 000000008af8c130
0x000000a6121fe538:   00007ff81d8a6071 000001e4ba19a7b0
0x000000a6121fe548:   000001e4ba19a7b0 000000a6121fe740
0x000000a6121fe558:   000001e4be47e894 000000008744f0c8
0x000000a6121fe568:   00007ff81dceed6b 000000008af8c130
0x000000a6121fe578:   000000a6121fe7f0 000000a6121fe7f0 

Instructions: (pc=0x000001e4ae479fc0)
0x000001e4ae479ec0:   ?? ?? ?? ?? ?? ?? ?? ?? ?? ?? ?? ?? ?? ?? ?? ??
0x000001e4ae479ed0:   ?? ?? ?? ?? ?? ?? ?? ?? ?? ?? ?? ?? ?? ?? ?? ??
0x000001e4ae479ee0:   ?? ?? ?? ?? ?? ?? ?? ?? ?? ?? ?? ?? ?? ?? ?? ??
0x000001e4ae479ef0:   ?? ?? ?? ?? ?? ?? ?? ?? ?? ?? ?? ?? ?? ?? ?? ??
0x000001e4ae479f00:   ?? ?? ?? ?? ?? ?? ?? ?? ?? ?? ?? ?? ?? ?? ?? ??
0x000001e4ae479f10:   ?? ?? ?? ?? ?? ?? ?? ?? ?? ?? ?? ?? ?? ?? ?? ??
0x000001e4ae479f20:   ?? ?? ?? ?? ?? ?? ?? ?? ?? ?? ?? ?? ?? ?? ?? ??
0x000001e4ae479f30:   ?? ?? ?? ?? ?? ?? ?? ?? ?? ?? ?? ?? ?? ?? ?? ??
0x000001e4ae479f40:   ?? ?? ?? ?? ?? ?? ?? ?? ?? ?? ?? ?? ?? ?? ?? ??
0x000001e4ae479f50:   ?? ?? ?? ?? ?? ?? ?? ?? ?? ?? ?? ?? ?? ?? ?? ??
0x000001e4ae479f60:   ?? ?? ?? ?? ?? ?? ?? ?? ?? ?? ?? ?? ?? ?? ?? ??
0x000001e4ae479f70:   ?? ?? ?? ?? ?? ?? ?? ?? ?? ?? ?? ?? ?? ?? ?? ??
0x000001e4ae479f80:   ?? ?? ?? ?? ?? ?? ?? ?? ?? ?? ?? ?? ?? ?? ?? ??
0x000001e4ae479f90:   ?? ?? ?? ?? ?? ?? ?? ?? ?? ?? ?? ?? ?? ?? ?? ??
0x000001e4ae479fa0:   ?? ?? ?? ?? ?? ?? ?? ?? ?? ?? ?? ?? ?? ?? ?? ??
0x000001e4ae479fb0:   ?? ?? ?? ?? ?? ?? ?? ?? ?? ?? ?? ?? ?? ?? ?? ??
0x000001e4ae479fc0:   ?? ?? ?? ?? ?? ?? ?? ?? ?? ?? ?? ?? ?? ?? ?? ??
0x000001e4ae479fd0:   ?? ?? ?? ?? ?? ?? ?? ?? ?? ?? ?? ?? ?? ?? ?? ??
0x000001e4ae479fe0:   ?? ?? ?? ?? ?? ?? ?? ?? ?? ?? ?? ?? ?? ?? ?? ??
0x000001e4ae479ff0:   ?? ?? ?? ?? ?? ?? ?? ?? ?? ?? ?? ?? ?? ?? ?? ??
0x000001e4ae47a000:   ?? ?? ?? ?? ?? ?? ?? ?? ?? ?? ?? ?? ?? ?? ?? ??
0x000001e4ae47a010:   ?? ?? ?? ?? ?? ?? ?? ?? ?? ?? ?? ?? ?? ?? ?? ??
0x000001e4ae47a020:   ?? ?? ?? ?? ?? ?? ?? ?? ?? ?? ?? ?? ?? ?? ?? ??
0x000001e4ae47a030:   ?? ?? ?? ?? ?? ?? ?? ?? ?? ?? ?? ?? ?? ?? ?? ??
0x000001e4ae47a040:   ?? ?? ?? ?? ?? ?? ?? ?? ?? ?? ?? ?? ?? ?? ?? ??
0x000001e4ae47a050:   ?? ?? ?? ?? ?? ?? ?? ?? ?? ?? ?? ?? ?? ?? ?? ??
0x000001e4ae47a060:   ?? ?? ?? ?? ?? ?? ?? ?? ?? ?? ?? ?? ?? ?? ?? ??
0x000001e4ae47a070:   ?? ?? ?? ?? ?? ?? ?? ?? ?? ?? ?? ?? ?? ?? ?? ??
0x000001e4ae47a080:   ?? ?? ?? ?? ?? ?? ?? ?? ?? ?? ?? ?? ?? ?? ?? ??
0x000001e4ae47a090:   ?? ?? ?? ?? ?? ?? ?? ?? ?? ?? ?? ?? ?? ?? ?? ??
0x000001e4ae47a0a0:   ?? ?? ?? ?? ?? ?? ?? ?? ?? ?? ?? ?? ?? ?? ?? ??
0x000001e4ae47a0b0:   ?? ?? ?? ?? ?? ?? ?? ?? ?? ?? ?? ?? ?? ?? ?? ?? 


Stack slot to memory mapping:
stack at sp + 0 slots: 0x000001e4be47f15c is at entry_point+124 in (nmethod*)0x000001e4be47ed90
stack at sp + 1 slots: 0x000001e4b80013e0 points into unknown readable memory: 0x0000000000000000 | 00 00 00 00 00 00 00 00
stack at sp + 2 slots: 0x000001e4b8001420 points into unknown readable memory: 0x000000008af8c130 | 30 c1 f8 8a 00 00 00 00
stack at sp + 3 slots: 0x000001e4b80014c8 points into unknown readable memory: 0x0000000000000000 | 00 00 00 00 00 00 00 00
stack at sp + 4 slots: 0x00000000000000d8 is an unknown value
stack at sp + 5 slots: 0x000000a6121fedd0 is pointing into the stack for thread: 0x000001e4ba19a7b0
stack at sp + 6 slots: 0x000001e4ba19ac90 points into unknown readable memory: 0x65746e692e6b646a | 6a 64 6b 2e 69 6e 74 65
stack at sp + 7 slots: 0x000001e4ba19ac90 points into unknown readable memory: 0x65746e692e6b646a | 6a 64 6b 2e 69 6e 74 65


---------------  P R O C E S S  ---------------

Threads class SMR info:
_java_thread_list=0x000001e4d5e65090, length=16, elements={
0x000001e4ba19a7b0, 0x000001e4d41463b0, 0x000001e4d4146e90, 0x000001e4d495b8f0,
0x000001e4d495e1c0, 0x000001e4d495f220, 0x000001e4d49bd470, 0x000001e4d49c0520,
0x000001e4d499e7d0, 0x000001e4d4a26ca0, 0x000001e4d4c00860, 0x000001e4d4c03ef0,
0x000001e4d4c08ba0, 0x000001e4d5191560, 0x000001e4d5192a40, 0x000001e4d62ea230
}

Java Threads: ( => current thread )
=>0x000001e4ba19a7b0 JavaThread "main" [_thread_in_Java, id=1088, stack(0x000000a612100000,0x000000a612200000)]
  0x000001e4d41463b0 JavaThread "Reference Handler" daemon [_thread_blocked, id=8848, stack(0x000000a612800000,0x000000a612900000)]
  0x000001e4d4146e90 JavaThread "Finalizer" daemon [_thread_blocked, id=2036, stack(0x000000a612900000,0x000000a612a00000)]
  0x000001e4d495b8f0 JavaThread "Signal Dispatcher" daemon [_thread_blocked, id=8568, stack(0x000000a612a00000,0x000000a612b00000)]
  0x000001e4d495e1c0 JavaThread "Attach Listener" daemon [_thread_blocked, id=11072, stack(0x000000a612b00000,0x000000a612c00000)]
  0x000001e4d495f220 JavaThread "Service Thread" daemon [_thread_blocked, id=10036, stack(0x000000a612c00000,0x000000a612d00000)]
  0x000001e4d49bd470 JavaThread "C2 CompilerThread0" daemon [_thread_in_native, id=9560, stack(0x000000a612d00000,0x000000a612e00000)]
  0x000001e4d49c0520 JavaThread "C1 CompilerThread0" daemon [_thread_blocked, id=8608, stack(0x000000a612e00000,0x000000a612f00000)]
  0x000001e4d499e7d0 JavaThread "Sweeper thread" daemon [_thread_blocked, id=5224, stack(0x000000a612f00000,0x000000a613000000)]
  0x000001e4d4a26ca0 JavaThread "Common-Cleaner" daemon [_thread_blocked, id=9612, stack(0x000000a613000000,0x000000a613100000)]
  0x000001e4d4c00860 JavaThread "JDWP Transport Listener: dt_socket" daemon [_thread_blocked, id=7056, stack(0x000000a613100000,0x000000a613200000)]
  0x000001e4d4c03ef0 JavaThread "JDWP Event Helper Thread" daemon [_thread_blocked, id=8852, stack(0x000000a613200000,0x000000a613300000)]
  0x000001e4d4c08ba0 JavaThread "JDWP Command Reader" daemon [_thread_in_native, id=8796, stack(0x000000a613300000,0x000000a613400000)]
  0x000001e4d5191560 JavaThread "C2 CompilerThread1" daemon [_thread_in_native, id=7080, stack(0x000000a613400000,0x000000a613500000)]
  0x000001e4d5192a40 JavaThread "Notification Thread" daemon [_thread_blocked, id=7360, stack(0x000000a613500000,0x000000a613600000)]
  0x000001e4d62ea230 JavaThread "C2 CompilerThread2" daemon [_thread_in_native, id=2052, stack(0x000000a613800000,0x000000a613900000)]

Other Threads:
  0x000001e4d412d140 VMThread "VM Thread" [stack: 0x000000a612700000,0x000000a612800000] [id=1240]
  0x000001e4ba19b730 WatcherThread [stack: 0x000000a613600000,0x000000a613700000] [id=4972]
  0x000001e4ba1d9fe0 GCTaskThread "GC Thread#0" [stack: 0x000000a612200000,0x000000a612300000] [id=3124]
  0x000001e4d4bf92c0 GCTaskThread "GC Thread#1" [stack: 0x000000a613700000,0x000000a613800000] [id=10704]
  0x000001e4ba1ea9a0 ConcurrentGCThread "G1 Main Marker" [stack: 0x000000a612300000,0x000000a612400000] [id=6236]
  0x000001e4ba1eb4a0 ConcurrentGCThread "G1 Conc#0" [stack: 0x000000a612400000,0x000000a612500000] [id=6840]
  0x000001e4ba252610 ConcurrentGCThread "G1 Refine#0" [stack: 0x000000a612500000,0x000000a612600000] [id=1464]
  0x000001e4ba253120 ConcurrentGCThread "G1 Young RemSet Sampling" [stack: 0x000000a612600000,0x000000a612700000] [id=10044]

Threads with active compile tasks:
C2 CompilerThread0     4147 1704       4       org.eclipse.jdt.launching.internal.org.objectweb.asm.ClassWriter::toByteArray (1535 bytes)
C2 CompilerThread1     4147 1786 %     4       org.eclipse.jdt.launching.internal.org.objectweb.asm.ClassReader::readCode @ 2165 (5089 bytes)
C2 CompilerThread2     4147 2085   !   4       java.net.URL::<init> (543 bytes)

VM state: not at safepoint (normal execution)

VM Mutex/Monitor currently owned by a thread: None

Heap address: 0x0000000087200000, size: 1934 MB, Compressed Oops mode: 32-bit
CDS disabled.
Compressed class space mapped at: 0x0000000100000000-0x0000000140000000, size: 1073741824
Narrow klass base: 0x0000000000000000, Narrow klass shift: 3, Narrow klass range: 0x140000000

GC Precious Log:
 CPUs: 8 total, 8 available
 Memory: 7735M
 Large Page Support: Disabled
 NUMA Support: Disabled
 Compressed Oops: Enabled (32-bit)
 Heap Region Size: 1M
 Heap Min Capacity: 8M
 Heap Initial Capacity: 122M
 Heap Max Capacity: 1934M
 Pre-touch: Disabled
 Parallel Workers: 8
 Concurrent Workers: 2
 Concurrent Refinement Workers: 8
 Periodic GC: Disabled

Heap:
 garbage-first heap   total 124928K, used 64926K [0x0000000087200000, 0x0000000100000000)
  region size 1024K, 61 young (62464K), 1 survivors (1024K)
 Metaspace       used 20795K, capacity 21037K, committed 21248K, reserved 1069056K
  class space    used 2117K, capacity 2196K, committed 2304K, reserved 1048576K

Heap Regions: E=young(eden), S=young(survivor), O=old, HS=humongous(starts), HC=humongous(continues), CS=collection set, F=free, OA=open archive, CA=closed archive, TAMS=top-at-mark-start (previous, next)
|   0|0x0000000087200000, 0x0000000087300000, 0x0000000087300000|100%| O|  |TAMS 0x0000000087200000, 0x0000000087200000| Untracked 
|   1|0x0000000087300000, 0x0000000087400000, 0x0000000087400000|100%| O|  |TAMS 0x0000000087300000, 0x0000000087300000| Untracked 
|   2|0x0000000087400000, 0x0000000087500000, 0x0000000087500000|100%| O|  |TAMS 0x0000000087400000, 0x0000000087400000| Untracked 
|   3|0x0000000087500000, 0x0000000087589e00, 0x0000000087600000| 53%| O|  |TAMS 0x0000000087500000, 0x0000000087500000| Untracked 
|   4|0x0000000087600000, 0x0000000087600000, 0x0000000087700000|  0%| F|  |TAMS 0x0000000087600000, 0x0000000087600000| Untracked 
|   5|0x0000000087700000, 0x0000000087700000, 0x0000000087800000|  0%| F|  |TAMS 0x0000000087700000, 0x0000000087700000| Untracked 
|   6|0x0000000087800000, 0x0000000087800000, 0x0000000087900000|  0%| F|  |TAMS 0x0000000087800000, 0x0000000087800000| Untracked 
|   7|0x0000000087900000, 0x0000000087900000, 0x0000000087a00000|  0%| F|  |TAMS 0x0000000087900000, 0x0000000087900000| Untracked 
|   8|0x0000000087a00000, 0x0000000087a00000, 0x0000000087b00000|  0%| F|  |TAMS 0x0000000087a00000, 0x0000000087a00000| Untracked 
|   9|0x0000000087b00000, 0x0000000087b00000, 0x0000000087c00000|  0%| F|  |TAMS 0x0000000087b00000, 0x0000000087b00000| Untracked 
|  10|0x0000000087c00000, 0x0000000087c00000, 0x0000000087d00000|  0%| F|  |TAMS 0x0000000087c00000, 0x0000000087c00000| Untracked 
|  11|0x0000000087d00000, 0x0000000087d00000, 0x0000000087e00000|  0%| F|  |TAMS 0x0000000087d00000, 0x0000000087d00000| Untracked 
|  12|0x0000000087e00000, 0x0000000087e00000, 0x0000000087f00000|  0%| F|  |TAMS 0x0000000087e00000, 0x0000000087e00000| Untracked 
|  13|0x0000000087f00000, 0x0000000087f00000, 0x0000000088000000|  0%| F|  |TAMS 0x0000000087f00000, 0x0000000087f00000| Untracked 
|  14|0x0000000088000000, 0x0000000088000000, 0x0000000088100000|  0%| F|  |TAMS 0x0000000088000000, 0x0000000088000000| Untracked 
|  15|0x0000000088100000, 0x0000000088100000, 0x0000000088200000|  0%| F|  |TAMS 0x0000000088100000, 0x0000000088100000| Untracked 
|  16|0x0000000088200000, 0x0000000088200000, 0x0000000088300000|  0%| F|  |TAMS 0x0000000088200000, 0x0000000088200000| Untracked 
|  17|0x0000000088300000, 0x0000000088300000, 0x0000000088400000|  0%| F|  |TAMS 0x0000000088300000, 0x0000000088300000| Untracked 
|  18|0x0000000088400000, 0x0000000088400000, 0x0000000088500000|  0%| F|  |TAMS 0x0000000088400000, 0x0000000088400000| Untracked 
|  19|0x0000000088500000, 0x0000000088500000, 0x0000000088600000|  0%| F|  |TAMS 0x0000000088500000, 0x0000000088500000| Untracked 
|  20|0x0000000088600000, 0x0000000088600000, 0x0000000088700000|  0%| F|  |TAMS 0x0000000088600000, 0x0000000088600000| Untracked 
|  21|0x0000000088700000, 0x0000000088700000, 0x0000000088800000|  0%| F|  |TAMS 0x0000000088700000, 0x0000000088700000| Untracked 
|  22|0x0000000088800000, 0x0000000088800000, 0x0000000088900000|  0%| F|  |TAMS 0x0000000088800000, 0x0000000088800000| Untracked 
|  23|0x0000000088900000, 0x0000000088900000, 0x0000000088a00000|  0%| F|  |TAMS 0x0000000088900000, 0x0000000088900000| Untracked 
|  24|0x0000000088a00000, 0x0000000088a00000, 0x0000000088b00000|  0%| F|  |TAMS 0x0000000088a00000, 0x0000000088a00000| Untracked 
|  25|0x0000000088b00000, 0x0000000088b00000, 0x0000000088c00000|  0%| F|  |TAMS 0x0000000088b00000, 0x0000000088b00000| Untracked 
|  26|0x0000000088c00000, 0x0000000088c00000, 0x0000000088d00000|  0%| F|  |TAMS 0x0000000088c00000, 0x0000000088c00000| Untracked 
|  27|0x0000000088d00000, 0x0000000088d00000, 0x0000000088e00000|  0%| F|  |TAMS 0x0000000088d00000, 0x0000000088d00000| Untracked 
|  28|0x0000000088e00000, 0x0000000088e00000, 0x0000000088f00000|  0%| F|  |TAMS 0x0000000088e00000, 0x0000000088e00000| Untracked 
|  29|0x0000000088f00000, 0x0000000088f00000, 0x0000000089000000|  0%| F|  |TAMS 0x0000000088f00000, 0x0000000088f00000| Untracked 
|  30|0x0000000089000000, 0x0000000089000000, 0x0000000089100000|  0%| F|  |TAMS 0x0000000089000000, 0x0000000089000000| Untracked 
|  31|0x0000000089100000, 0x0000000089100000, 0x0000000089200000|  0%| F|  |TAMS 0x0000000089100000, 0x0000000089100000| Untracked 
|  32|0x0000000089200000, 0x0000000089200000, 0x0000000089300000|  0%| F|  |TAMS 0x0000000089200000, 0x0000000089200000| Untracked 
|  33|0x0000000089300000, 0x0000000089300000, 0x0000000089400000|  0%| F|  |TAMS 0x0000000089300000, 0x0000000089300000| Untracked 
|  34|0x0000000089400000, 0x0000000089400000, 0x0000000089500000|  0%| F|  |TAMS 0x0000000089400000, 0x0000000089400000| Untracked 
|  35|0x0000000089500000, 0x0000000089500000, 0x0000000089600000|  0%| F|  |TAMS 0x0000000089500000, 0x0000000089500000| Untracked 
|  36|0x0000000089600000, 0x0000000089600000, 0x0000000089700000|  0%| F|  |TAMS 0x0000000089600000, 0x0000000089600000| Untracked 
|  37|0x0000000089700000, 0x0000000089700000, 0x0000000089800000|  0%| F|  |TAMS 0x0000000089700000, 0x0000000089700000| Untracked 
|  38|0x0000000089800000, 0x0000000089800000, 0x0000000089900000|  0%| F|  |TAMS 0x0000000089800000, 0x0000000089800000| Untracked 
|  39|0x0000000089900000, 0x0000000089900000, 0x0000000089a00000|  0%| F|  |TAMS 0x0000000089900000, 0x0000000089900000| Untracked 
|  40|0x0000000089a00000, 0x0000000089a00000, 0x0000000089b00000|  0%| F|  |TAMS 0x0000000089a00000, 0x0000000089a00000| Untracked 
|  41|0x0000000089b00000, 0x0000000089b00000, 0x0000000089c00000|  0%| F|  |TAMS 0x0000000089b00000, 0x0000000089b00000| Untracked 
|  42|0x0000000089c00000, 0x0000000089c00000, 0x0000000089d00000|  0%| F|  |TAMS 0x0000000089c00000, 0x0000000089c00000| Untracked 
|  43|0x0000000089d00000, 0x0000000089d00000, 0x0000000089e00000|  0%| F|  |TAMS 0x0000000089d00000, 0x0000000089d00000| Untracked 
|  44|0x0000000089e00000, 0x0000000089e00000, 0x0000000089f00000|  0%| F|  |TAMS 0x0000000089e00000, 0x0000000089e00000| Untracked 
|  45|0x0000000089f00000, 0x0000000089f00000, 0x000000008a000000|  0%| F|  |TAMS 0x0000000089f00000, 0x0000000089f00000| Untracked 
|  46|0x000000008a000000, 0x000000008a000000, 0x000000008a100000|  0%| F|  |TAMS 0x000000008a000000, 0x000000008a000000| Untracked 
|  47|0x000000008a100000, 0x000000008a100000, 0x000000008a200000|  0%| F|  |TAMS 0x000000008a100000, 0x000000008a100000| Untracked 
|  48|0x000000008a200000, 0x000000008a200000, 0x000000008a300000|  0%| F|  |TAMS 0x000000008a200000, 0x000000008a200000| Untracked 
|  49|0x000000008a300000, 0x000000008a300000, 0x000000008a400000|  0%| F|  |TAMS 0x000000008a300000, 0x000000008a300000| Untracked 
|  50|0x000000008a400000, 0x000000008a400000, 0x000000008a500000|  0%| F|  |TAMS 0x000000008a400000, 0x000000008a400000| Untracked 
|  51|0x000000008a500000, 0x000000008a500000, 0x000000008a600000|  0%| F|  |TAMS 0x000000008a500000, 0x000000008a500000| Untracked 
|  52|0x000000008a600000, 0x000000008a600000, 0x000000008a700000|  0%| F|  |TAMS 0x000000008a600000, 0x000000008a600000| Untracked 
|  53|0x000000008a700000, 0x000000008a700000, 0x000000008a800000|  0%| F|  |TAMS 0x000000008a700000, 0x000000008a700000| Untracked 
|  54|0x000000008a800000, 0x000000008a800000, 0x000000008a900000|  0%| F|  |TAMS 0x000000008a800000, 0x000000008a800000| Untracked 
|  55|0x000000008a900000, 0x000000008a900000, 0x000000008aa00000|  0%| F|  |TAMS 0x000000008a900000, 0x000000008a900000| Untracked 
|  56|0x000000008aa00000, 0x000000008aa00000, 0x000000008ab00000|  0%| F|  |TAMS 0x000000008aa00000, 0x000000008aa00000| Untracked 
|  57|0x000000008ab00000, 0x000000008ab00000, 0x000000008ac00000|  0%| F|  |TAMS 0x000000008ab00000, 0x000000008ab00000| Untracked 
|  58|0x000000008ac00000, 0x000000008ac00000, 0x000000008ad00000|  0%| F|  |TAMS 0x000000008ac00000, 0x000000008ac00000| Untracked 
|  59|0x000000008ad00000, 0x000000008ad00000, 0x000000008ae00000|  0%| F|  |TAMS 0x000000008ad00000, 0x000000008ad00000| Untracked 
|  60|0x000000008ae00000, 0x000000008ae00000, 0x000000008af00000|  0%| F|  |TAMS 0x000000008ae00000, 0x000000008ae00000| Untracked 
|  61|0x000000008af00000, 0x000000008b000000, 0x000000008b000000|100%| E|  |TAMS 0x000000008af00000, 0x000000008af00000| Complete 
|  62|0x000000008b000000, 0x000000008b100000, 0x000000008b100000|100%| E|CS|TAMS 0x000000008b000000, 0x000000008b000000| Complete 
|  63|0x000000008b100000, 0x000000008b200000, 0x000000008b200000|100%| E|CS|TAMS 0x000000008b100000, 0x000000008b100000| Complete 
|  64|0x000000008b200000, 0x000000008b300000, 0x000000008b300000|100%| E|CS|TAMS 0x000000008b200000, 0x000000008b200000| Complete 
|  65|0x000000008b300000, 0x000000008b400000, 0x000000008b400000|100%| E|CS|TAMS 0x000000008b300000, 0x000000008b300000| Complete 
|  66|0x000000008b400000, 0x000000008b500000, 0x000000008b500000|100%| E|CS|TAMS 0x000000008b400000, 0x000000008b400000| Complete 
|  67|0x000000008b500000, 0x000000008b600000, 0x000000008b600000|100%| E|CS|TAMS 0x000000008b500000, 0x000000008b500000| Complete 
|  68|0x000000008b600000, 0x000000008b700000, 0x000000008b700000|100%| E|CS|TAMS 0x000000008b600000, 0x000000008b600000| Complete 
|  69|0x000000008b700000, 0x000000008b800000, 0x000000008b800000|100%| E|CS|TAMS 0x000000008b700000, 0x000000008b700000| Complete 
|  70|0x000000008b800000, 0x000000008b900000, 0x000000008b900000|100%| E|CS|TAMS 0x000000008b800000, 0x000000008b800000| Complete 
|  71|0x000000008b900000, 0x000000008ba00000, 0x000000008ba00000|100%| E|CS|TAMS 0x000000008b900000, 0x000000008b900000| Complete 
|  72|0x000000008ba00000, 0x000000008bb00000, 0x000000008bb00000|100%| E|CS|TAMS 0x000000008ba00000, 0x000000008ba00000| Complete 
|  73|0x000000008bb00000, 0x000000008bc00000, 0x000000008bc00000|100%| E|CS|TAMS 0x000000008bb00000, 0x000000008bb00000| Complete 
|  74|0x000000008bc00000, 0x000000008bd00000, 0x000000008bd00000|100%| E|CS|TAMS 0x000000008bc00000, 0x000000008bc00000| Complete 
|  75|0x000000008bd00000, 0x000000008be00000, 0x000000008be00000|100%| E|CS|TAMS 0x000000008bd00000, 0x000000008bd00000| Complete 
|  76|0x000000008be00000, 0x000000008bf00000, 0x000000008bf00000|100%| E|CS|TAMS 0x000000008be00000, 0x000000008be00000| Complete 
|  77|0x000000008bf00000, 0x000000008c000000, 0x000000008c000000|100%| E|CS|TAMS 0x000000008bf00000, 0x000000008bf00000| Complete 
|  78|0x000000008c000000, 0x000000008c100000, 0x000000008c100000|100%| E|CS|TAMS 0x000000008c000000, 0x000000008c000000| Complete 
|  79|0x000000008c100000, 0x000000008c200000, 0x000000008c200000|100%| E|CS|TAMS 0x000000008c100000, 0x000000008c100000| Complete 
|  80|0x000000008c200000, 0x000000008c300000, 0x000000008c300000|100%| E|CS|TAMS 0x000000008c200000, 0x000000008c200000| Complete 
|  81|0x000000008c300000, 0x000000008c400000, 0x000000008c400000|100%| E|CS|TAMS 0x000000008c300000, 0x000000008c300000| Complete 
|  82|0x000000008c400000, 0x000000008c500000, 0x000000008c500000|100%| E|CS|TAMS 0x000000008c400000, 0x000000008c400000| Complete 
|  83|0x000000008c500000, 0x000000008c600000, 0x000000008c600000|100%| E|CS|TAMS 0x000000008c500000, 0x000000008c500000| Complete 
|  84|0x000000008c600000, 0x000000008c700000, 0x000000008c700000|100%| E|CS|TAMS 0x000000008c600000, 0x000000008c600000| Complete 
|  85|0x000000008c700000, 0x000000008c800000, 0x000000008c800000|100%| E|CS|TAMS 0x000000008c700000, 0x000000008c700000| Complete 
|  86|0x000000008c800000, 0x000000008c900000, 0x000000008c900000|100%| E|CS|TAMS 0x000000008c800000, 0x000000008c800000| Complete 
|  87|0x000000008c900000, 0x000000008ca00000, 0x000000008ca00000|100%| E|CS|TAMS 0x000000008c900000, 0x000000008c900000| Complete 
|  88|0x000000008ca00000, 0x000000008cb00000, 0x000000008cb00000|100%| E|CS|TAMS 0x000000008ca00000, 0x000000008ca00000| Complete 
|  89|0x000000008cb00000, 0x000000008cc00000, 0x000000008cc00000|100%| E|CS|TAMS 0x000000008cb00000, 0x000000008cb00000| Complete 
|  90|0x000000008cc00000, 0x000000008ccddde0, 0x000000008cd00000| 86%| S|CS|TAMS 0x000000008cc00000, 0x000000008cc00000| Complete 
|  91|0x000000008cd00000, 0x000000008ce00000, 0x000000008ce00000|100%| E|CS|TAMS 0x000000008cd00000, 0x000000008cd00000| Complete 
|  92|0x000000008ce00000, 0x000000008cf00000, 0x000000008cf00000|100%| E|CS|TAMS 0x000000008ce00000, 0x000000008ce00000| Complete 
|  93|0x000000008cf00000, 0x000000008d000000, 0x000000008d000000|100%| E|CS|TAMS 0x000000008cf00000, 0x000000008cf00000| Complete 
|  94|0x000000008d000000, 0x000000008d100000, 0x000000008d100000|100%| E|CS|TAMS 0x000000008d000000, 0x000000008d000000| Complete 
|  95|0x000000008d100000, 0x000000008d200000, 0x000000008d200000|100%| E|CS|TAMS 0x000000008d100000, 0x000000008d100000| Complete 
|  96|0x000000008d200000, 0x000000008d300000, 0x000000008d300000|100%| E|CS|TAMS 0x000000008d200000, 0x000000008d200000| Complete 
|  97|0x000000008d300000, 0x000000008d400000, 0x000000008d400000|100%| E|CS|TAMS 0x000000008d300000, 0x000000008d300000| Complete 
|  98|0x000000008d400000, 0x000000008d500000, 0x000000008d500000|100%| E|CS|TAMS 0x000000008d400000, 0x000000008d400000| Complete 
|  99|0x000000008d500000, 0x000000008d600000, 0x000000008d600000|100%| E|CS|TAMS 0x000000008d500000, 0x000000008d500000| Complete 
| 100|0x000000008d600000, 0x000000008d700000, 0x000000008d700000|100%| E|CS|TAMS 0x000000008d600000, 0x000000008d600000| Complete 
| 101|0x000000008d700000, 0x000000008d800000, 0x000000008d800000|100%| E|CS|TAMS 0x000000008d700000, 0x000000008d700000| Complete 
| 102|0x000000008d800000, 0x000000008d900000, 0x000000008d900000|100%| E|CS|TAMS 0x000000008d800000, 0x000000008d800000| Complete 
| 103|0x000000008d900000, 0x000000008da00000, 0x000000008da00000|100%| E|CS|TAMS 0x000000008d900000, 0x000000008d900000| Complete 
| 104|0x000000008da00000, 0x000000008db00000, 0x000000008db00000|100%| E|CS|TAMS 0x000000008da00000, 0x000000008da00000| Complete 
| 105|0x000000008db00000, 0x000000008dc00000, 0x000000008dc00000|100%| E|CS|TAMS 0x000000008db00000, 0x000000008db00000| Complete 
| 106|0x000000008dc00000, 0x000000008dd00000, 0x000000008dd00000|100%| E|CS|TAMS 0x000000008dc00000, 0x000000008dc00000| Complete 
| 107|0x000000008dd00000, 0x000000008de00000, 0x000000008de00000|100%| E|CS|TAMS 0x000000008dd00000, 0x000000008dd00000| Complete 
| 108|0x000000008de00000, 0x000000008df00000, 0x000000008df00000|100%| E|CS|TAMS 0x000000008de00000, 0x000000008de00000| Complete 
| 109|0x000000008df00000, 0x000000008e000000, 0x000000008e000000|100%| E|CS|TAMS 0x000000008df00000, 0x000000008df00000| Complete 
| 110|0x000000008e000000, 0x000000008e100000, 0x000000008e100000|100%| E|CS|TAMS 0x000000008e000000, 0x000000008e000000| Complete 
| 111|0x000000008e100000, 0x000000008e200000, 0x000000008e200000|100%| E|CS|TAMS 0x000000008e100000, 0x000000008e100000| Complete 
| 112|0x000000008e200000, 0x000000008e300000, 0x000000008e300000|100%| E|CS|TAMS 0x000000008e200000, 0x000000008e200000| Complete 
| 113|0x000000008e300000, 0x000000008e400000, 0x000000008e400000|100%| E|CS|TAMS 0x000000008e300000, 0x000000008e300000| Complete 
| 114|0x000000008e400000, 0x000000008e500000, 0x000000008e500000|100%| E|CS|TAMS 0x000000008e400000, 0x000000008e400000| Complete 
| 115|0x000000008e500000, 0x000000008e600000, 0x000000008e600000|100%| E|CS|TAMS 0x000000008e500000, 0x000000008e500000| Complete 
| 116|0x000000008e600000, 0x000000008e700000, 0x000000008e700000|100%| E|CS|TAMS 0x000000008e600000, 0x000000008e600000| Complete 
| 117|0x000000008e700000, 0x000000008e800000, 0x000000008e800000|100%| E|CS|TAMS 0x000000008e700000, 0x000000008e700000| Complete 
| 118|0x000000008e800000, 0x000000008e900000, 0x000000008e900000|100%| E|CS|TAMS 0x000000008e800000, 0x000000008e800000| Complete 
| 119|0x000000008e900000, 0x000000008ea00000, 0x000000008ea00000|100%| E|CS|TAMS 0x000000008e900000, 0x000000008e900000| Complete 
| 120|0x000000008ea00000, 0x000000008eb00000, 0x000000008eb00000|100%| E|CS|TAMS 0x000000008ea00000, 0x000000008ea00000| Complete 
| 121|0x000000008eb00000, 0x000000008ec00000, 0x000000008ec00000|100%| E|CS|TAMS 0x000000008eb00000, 0x000000008eb00000| Complete 

Card table byte_map: [0x000001e4cd2a0000,0x000001e4cd670000] _byte_map_base: 0x000001e4cce67000

Marking Bits (Prev, Next): (CMBitMap*) 0x000001e4ba1da6e0, (CMBitMap*) 0x000001e4ba1da720
 Prev Bits: [0x000001e4cda40000, 0x000001e4cf878000)
 Next Bits: [0x000001e4cf880000, 0x000001e4d16b8000)

Polling page: 0x000001e4b7fd0000

Metaspace:

Usage:
  Non-class:     18.40 MB capacity,    18.24 MB (>99%) used,   145.77 KB ( <1%) free+waste,    17.13 KB ( <1%) overhead. 
      Class:      2.14 MB capacity,     2.07 MB ( 96%) used,    72.66 KB (  3%) free+waste,     5.69 KB ( <1%) overhead. 
       Both:     20.54 MB capacity,    20.31 MB ( 99%) used,   218.43 KB (  1%) free+waste,    22.81 KB ( <1%) overhead. 

Virtual space:
  Non-class space:       20.00 MB reserved,      18.50 MB ( 93%) committed 
      Class space:        1.00 GB reserved,       2.25 MB ( <1%) committed 
             Both:        1.02 GB reserved,      20.75 MB (  2%) committed 

Chunk freelists:
   Non-Class:  39.00 KB
       Class:  12.00 KB
        Both:  51.00 KB

MaxMetaspaceSize: 17179869184.00 GB
CompressedClassSpaceSize: 1.00 GB

CodeHeap 'non-profiled nmethods': size=120000Kb used=1095Kb max_used=1095Kb free=118904Kb
 bounds [0x000001e4c5670000, 0x000001e4c58e0000, 0x000001e4ccba0000]
CodeHeap 'profiled nmethods': size=120000Kb used=4320Kb max_used=4320Kb free=115679Kb
 bounds [0x000001e4be140000, 0x000001e4be580000, 0x000001e4c5670000]
CodeHeap 'non-nmethods': size=5760Kb used=1263Kb max_used=1377Kb free=4496Kb
 bounds [0x000001e4bdba0000, 0x000001e4bde10000, 0x000001e4be140000]
 total_blobs=2572 nmethods=2135 adapters=350
 compilation: enabled
              stopped_count=0, restarted_count=0
 full_count=0

Compilation events (20 events):
Event: 3.989 Thread 0x000001e4d49c0520 2134       3       com.google.common.collect.LinkedHashMultimap::asMap (5 bytes)
Event: 3.989 Thread 0x000001e4d49c0520 nmethod 2134 0x000001e4be573e10 code [0x000001e4be574000, 0x000001e4be5745f8]
Event: 3.989 Thread 0x000001e4d49c0520 2135       3       com.google.common.collect.AbstractSetMultimap::asMap (5 bytes)
Event: 3.990 Thread 0x000001e4d49c0520 nmethod 2135 0x000001e4be574810 code [0x000001e4be5749e0, 0x000001e4be574f78]
Event: 3.990 Thread 0x000001e4d49c0520 2136       3       com.google.common.collect.AbstractMultimap::asMap (23 bytes)
Event: 3.990 Thread 0x000001e4d49c0520 nmethod 2136 0x000001e4be575110 code [0x000001e4be5752c0, 0x000001e4be575548]
Event: 3.990 Thread 0x000001e4d49c0520 2139       3       com.google.common.collect.Hashing::closedTableSize (37 bytes)
Event: 3.991 Thread 0x000001e4d49c0520 nmethod 2139 0x000001e4be575610 code [0x000001e4be5757c0, 0x000001e4be575ac8]
Event: 3.991 Thread 0x000001e4d49c0520 2140       3       com.google.common.collect.Sets$ImprovedAbstractSet::<init> (5 bytes)
Event: 3.991 Thread 0x000001e4d49c0520 nmethod 2140 0x000001e4be575c10 code [0x000001e4be575dc0, 0x000001e4be575fd8]
Event: 3.992 Thread 0x000001e4d49c0520 2141       3       java.security.CodeSource::getCertificates (98 bytes)
Event: 3.993 Thread 0x000001e4d49c0520 nmethod 2141 0x000001e4be576110 code [0x000001e4be576360, 0x000001e4be577028]
Event: 4.018 Thread 0x000001e4d49c0520 2142       2       java.util.ArrayList::add (25 bytes)
Event: 4.018 Thread 0x000001e4d49c0520 nmethod 2142 0x000001e4be577390 code [0x000001e4be577540, 0x000001e4be5777a8]
Event: 4.018 Thread 0x000001e4d49c0520 2143       2       java.util.ArrayList::add (23 bytes)
Event: 4.019 Thread 0x000001e4d49c0520 nmethod 2143 0x000001e4be577910 code [0x000001e4be577ac0, 0x000001e4be577d08]
Event: 4.019 Thread 0x000001e4d49c0520 2144       1       com.google.inject.spi.ElementSource::getDeclaringSource (5 bytes)
Event: 4.019 Thread 0x000001e4d49c0520 nmethod 2144 0x000001e4c5781c10 code [0x000001e4c5781da0, 0x000001e4c5781e58]
Event: 4.023 Thread 0x000001e4d49c0520 2145       3       com.google.inject.internal.LinkedBindingImpl::acceptTargetVisitor (8 bytes)
Event: 4.024 Thread 0x000001e4d49c0520 nmethod 2145 0x000001e4be577e90 code [0x000001e4be578040, 0x000001e4be578208]

GC Heap History (4 events):
Event: 2.729 GC heap before
{Heap before GC invocations=0 (full 0):
 garbage-first heap   total 124928K, used 23552K [0x0000000087200000, 0x0000000100000000)
  region size 1024K, 23 young (23552K), 0 survivors (0K)
 Metaspace       used 13181K, capacity 13356K, committed 13568K, reserved 1060864K
  class space    used 1153K, capacity 1219K, committed 1280K, reserved 1048576K
}
Event: 2.740 GC heap after
{Heap after GC invocations=1 (full 0):
 garbage-first heap   total 124928K, used 3700K [0x0000000087200000, 0x0000000100000000)
  region size 1024K, 3 young (3072K), 3 survivors (3072K)
 Metaspace       used 13181K, capacity 13356K, committed 13568K, reserved 1060864K
  class space    used 1153K, capacity 1219K, committed 1280K, reserved 1048576K
}
Event: 3.108 GC heap before
{Heap before GC invocations=1 (full 0):
 garbage-first heap   total 124928K, used 32372K [0x0000000087200000, 0x0000000100000000)
  region size 1024K, 31 young (31744K), 3 survivors (3072K)
 Metaspace       used 15935K, capacity 16085K, committed 16256K, reserved 1064960K
  class space    used 1515K, capacity 1574K, committed 1664K, reserved 1048576K
}
Event: 3.115 GC heap after
{Heap after GC invocations=2 (full 0):
 garbage-first heap   total 124928K, used 4510K [0x0000000087200000, 0x0000000100000000)
  region size 1024K, 1 young (1024K), 1 survivors (1024K)
 Metaspace       used 15935K, capacity 16085K, committed 16256K, reserved 1064960K
  class space    used 1515K, capacity 1574K, committed 1664K, reserved 1048576K
}

Deoptimization events (20 events):
Event: 4.022 Thread 0x000001e4ba19a7b0 DEOPT PACKING pc=0x000001e4be3bd3a1 sp=0x000000a6121fd360
Event: 4.022 Thread 0x000001e4ba19a7b0 DEOPT UNPACKING pc=0x000001e4bdbee23f sp=0x000000a6121fc818 mode 1
Event: 4.022 Thread 0x000001e4ba19a7b0 DEOPT PACKING pc=0x000001e4be350a9c sp=0x000000a6121fd480
Event: 4.022 Thread 0x000001e4ba19a7b0 DEOPT UNPACKING pc=0x000001e4bdbee23f sp=0x000000a6121fc8c8 mode 1
Event: 4.023 Thread 0x000001e4ba19a7b0 DEOPT PACKING pc=0x000001e4be31fecc sp=0x000000a6121fc7d0
Event: 4.024 Thread 0x000001e4ba19a7b0 DEOPT UNPACKING pc=0x000001e4bdbee23f sp=0x000000a6121fbc68 mode 1
Event: 4.024 Thread 0x000001e4ba19a7b0 DEOPT PACKING pc=0x000001e4be3519ec sp=0x000000a6121fc8a0
Event: 4.024 Thread 0x000001e4ba19a7b0 DEOPT UNPACKING pc=0x000001e4bdbee23f sp=0x000000a6121fbd88 mode 1
Event: 4.024 Thread 0x000001e4ba19a7b0 DEOPT PACKING pc=0x000001e4be3bd3a1 sp=0x000000a6121fc860
Event: 4.024 Thread 0x000001e4ba19a7b0 DEOPT UNPACKING pc=0x000001e4bdbee23f sp=0x000000a6121fbd18 mode 1
Event: 4.024 Thread 0x000001e4ba19a7b0 DEOPT PACKING pc=0x000001e4be350a9c sp=0x000000a6121fc980
Event: 4.024 Thread 0x000001e4ba19a7b0 DEOPT UNPACKING pc=0x000001e4bdbee23f sp=0x000000a6121fbdc8 mode 1
Event: 4.025 Thread 0x000001e4ba19a7b0 DEOPT PACKING pc=0x000001e4be31fecc sp=0x000000a6121fddf0
Event: 4.025 Thread 0x000001e4ba19a7b0 DEOPT UNPACKING pc=0x000001e4bdbee23f sp=0x000000a6121fd288 mode 1
Event: 4.025 Thread 0x000001e4ba19a7b0 DEOPT PACKING pc=0x000001e4be3519ec sp=0x000000a6121fdec0
Event: 4.025 Thread 0x000001e4ba19a7b0 DEOPT UNPACKING pc=0x000001e4bdbee23f sp=0x000000a6121fd3a8 mode 1
Event: 4.025 Thread 0x000001e4ba19a7b0 DEOPT PACKING pc=0x000001e4be3bd3a1 sp=0x000000a6121fde80
Event: 4.025 Thread 0x000001e4ba19a7b0 DEOPT UNPACKING pc=0x000001e4bdbee23f sp=0x000000a6121fd338 mode 1
Event: 4.025 Thread 0x000001e4ba19a7b0 DEOPT PACKING pc=0x000001e4be350a9c sp=0x000000a6121fdfa0
Event: 4.025 Thread 0x000001e4ba19a7b0 DEOPT UNPACKING pc=0x000001e4bdbee23f sp=0x000000a6121fd3e8 mode 1

Classes unloaded (0 events):
No events

Classes redefined (0 events):
No events

Internal exceptions (9 events):
Event: 2.139 Thread 0x000001e4ba19a7b0 Exception <a 'java/lang/NoSuchMethodError'{0x000000008eaeb6f0}: 'void java.lang.invoke.DirectMethodHandle$Holder.invokeStatic(java.lang.Object, java.lang.Object)'> (0x000000008eaeb6f0) 
thrown [./open/src/hotspot/share/interpreter/linkResolver.cpp, line 782]
Event: 2.140 Thread 0x000001e4ba19a7b0 Exception <a 'java/lang/NoSuchMethodError'{0x000000008e9037b0}: 'void java.lang.invoke.DirectMethodHandle$Holder.invokeStaticInit(java.lang.Object, java.lang.Object)'> (0x000000008e9037b0) 
thrown [./open/src/hotspot/share/interpreter/linkResolver.cpp, line 782]
Event: 2.253 Thread 0x000001e4ba19a7b0 Exception <a 'java/lang/NoSuchMethodError'{0x000000008e8e4ab0}: 'java.lang.Object java.lang.invoke.DirectMethodHandle$Holder.invokeStatic(java.lang.Object)'> (0x000000008e8e4ab0) 
thrown [./open/src/hotspot/share/interpreter/linkResolver.cpp, line 782]
Event: 2.421 Thread 0x000001e4ba19a7b0 Exception <a 'java/lang/NoSuchMethodError'{0x000000008e29ff80}: 'java.lang.Object java.lang.invoke.DirectMethodHandle$Holder.invokeStaticInit(java.lang.Object, int, int, int, int)'> (0x000000008e29ff80) 
thrown [./open/src/hotspot/share/interpreter/linkResolver.cpp, line 782]
Event: 2.469 Thread 0x000001e4ba19a7b0 Exception <a 'java/lang/NoSuchMethodError'{0x000000008e196198}: 'java.lang.Object java.lang.invoke.DirectMethodHandle$Holder.invokeStaticInit(java.lang.Object, java.lang.Object, int, int, int, int)'> (0x000000008e196198) 
thrown [./open/src/hotspot/share/interpreter/linkResolver.cpp, line 782]
Event: 2.764 Thread 0x000001e4ba19a7b0 Exception <a 'java/lang/NoSuchMethodError'{0x000000008eb60348}: 'void java.lang.invoke.DirectMethodHandle$Holder.invokeSpecial(java.lang.Object, java.lang.Object, java.lang.Object)'> (0x000000008eb60348) 
thrown [./open/src/hotspot/share/interpreter/linkResolver.cpp, line 782]
Event: 2.952 Thread 0x000001e4ba19a7b0 Exception <a 'java/lang/NoSuchMethodError'{0x000000008dd5ab48}: 'java.lang.Object java.lang.invoke.DirectMethodHandle$Holder.newInvokeSpecial(java.lang.Object, java.lang.Object, java.lang.Object, java.lang.Object, java.lang.Object)'> (0x000000008dd5ab48) 
thrown [./open/src/hotspot/share/interpreter/linkResolver.cpp, line 782]
Event: 4.012 Thread 0x000001e4ba19a7b0 Exception <a 'java/lang/NoClassDefFoundError'{0x000000008af3bea8}: com/google/inject/servlet/ServletModuleTargetVisitor> (0x000000008af3bea8) 
thrown [./open/src/hotspot/share/classfile/systemDictionary.cpp, line 284]
Event: 4.016 Thread 0x000001e4ba19a7b0 Exception <a 'java/lang/NoClassDefFoundError'{0x000000008af3f738}: javax/annotation/Priority> (0x000000008af3f738) 
thrown [./open/src/hotspot/share/classfile/systemDictionary.cpp, line 284]

Events (20 events):
Event: 3.716 loading class javax/net/SocketFactory done
Event: 3.716 loading class javax/net/ssl/SSLSocketFactory done
Event: 3.776 Executing VM operation: ICBufferFull
Event: 3.776 Executing VM operation: ICBufferFull done
Event: 3.776 Executing VM operation: HandshakeAllThreads
Event: 3.776 Executing VM operation: HandshakeAllThreads done
Event: 3.821 Executing VM operation: HandshakeAllThreads
Event: 3.821 Executing VM operation: HandshakeAllThreads done
Event: 3.825 Executing VM operation: HandshakeAllThreads
Event: 3.825 Executing VM operation: HandshakeAllThreads done
Event: 3.896 loading class sun/reflect/generics/scope/MethodScope
Event: 3.896 loading class sun/reflect/generics/scope/MethodScope done
Event: 3.896 loading class sun/reflect/generics/repository/MethodRepository
Event: 3.897 loading class sun/reflect/generics/repository/MethodRepository done
Event: 3.945 loading class java/util/ConcurrentModificationException
Event: 3.945 loading class java/util/ConcurrentModificationException done
Event: 3.964 Executing VM operation: HandshakeAllThreads
Event: 3.964 Executing VM operation: HandshakeAllThreads done
Event: 3.973 loading class jdk/internal/reflect/UnsafeObjectFieldAccessorImpl
Event: 3.973 loading class jdk/internal/reflect/UnsafeObjectFieldAccessorImpl done


Dynamic libraries:
0x00007ff73bb10000 - 0x00007ff73bb1d000 	C:\Users\mount\Downloads\sts-4.9.0.RELEASE\plugins\org.eclipse.justj.openjdk.hotspot.jre.full.win32.x86_64_15.0.1.v20201027-0507\jre\bin\javaw.exe
0x00007ff85cd60000 - 0x00007ff85cf50000 	C:\WINDOWS\SYSTEM32\ntdll.dll
0x00007ff85c0e0000 - 0x00007ff85c192000 	C:\WINDOWS\System32\KERNEL32.DLL
0x00007ff859ce0000 - 0x00007ff859f85000 	C:\WINDOWS\System32\KERNELBASE.dll
0x00007ff85aa00000 - 0x00007ff85aafa000 	C:\WINDOWS\System32\ucrtbase.dll
0x00007ff8489e0000 - 0x00007ff8489f9000 	C:\Users\mount\Downloads\sts-4.9.0.RELEASE\plugins\org.eclipse.justj.openjdk.hotspot.jre.full.win32.x86_64_15.0.1.v20201027-0507\jre\bin\VCRUNTIME140.dll
0x00007ff8491c0000 - 0x00007ff8491d8000 	C:\Users\mount\Downloads\sts-4.9.0.RELEASE\plugins\org.eclipse.justj.openjdk.hotspot.jre.full.win32.x86_64_15.0.1.v20201027-0507\jre\bin\jli.dll
0x00007ff85be10000 - 0x00007ff85bfa4000 	C:\WINDOWS\System32\USER32.dll
0x00007ff85ad50000 - 0x00007ff85ad71000 	C:\WINDOWS\System32\win32u.dll
0x00007ff8590f0000 - 0x00007ff859374000 	C:\WINDOWS\WinSxS\amd64_microsoft.windows.common-controls_6595b64144ccf1df_6.0.18362.1316_none_9e7a364fe461dbd7\COMCTL32.dll
0x00007ff85b0a0000 - 0x00007ff85b0c6000 	C:\WINDOWS\System32\GDI32.dll
0x00007ff85ab00000 - 0x00007ff85ac98000 	C:\WINDOWS\System32\gdi32full.dll
0x00007ff85c3f0000 - 0x00007ff85c48e000 	C:\WINDOWS\System32\msvcrt.dll
0x00007ff859f90000 - 0x00007ff85a02e000 	C:\WINDOWS\System32\msvcp_win.dll
0x00007ff85b7a0000 - 0x00007ff85bad7000 	C:\WINDOWS\System32\combase.dll
0x00007ff85bfc0000 - 0x00007ff85c0df000 	C:\WINDOWS\System32\RPCRT4.dll
0x00007ff85ad80000 - 0x00007ff85ae01000 	C:\WINDOWS\System32\bcryptPrimitives.dll
0x00007ff85b0f0000 - 0x00007ff85b11e000 	C:\WINDOWS\System32\IMM32.DLL
0x00007ff852ca0000 - 0x00007ff852cac000 	C:\Users\mount\Downloads\sts-4.9.0.RELEASE\plugins\org.eclipse.justj.openjdk.hotspot.jre.full.win32.x86_64_15.0.1.v20201027-0507\jre\bin\vcruntime140_1.dll
0x00007ff838ab0000 - 0x00007ff838b41000 	C:\Users\mount\Downloads\sts-4.9.0.RELEASE\plugins\org.eclipse.justj.openjdk.hotspot.jre.full.win32.x86_64_15.0.1.v20201027-0507\jre\bin\msvcp140.dll
0x00007ff81d6e0000 - 0x00007ff81e23e000 	C:\Users\mount\Downloads\sts-4.9.0.RELEASE\plugins\org.eclipse.justj.openjdk.hotspot.jre.full.win32.x86_64_15.0.1.v20201027-0507\jre\bin\server\jvm.dll
0x00007ff85aeb0000 - 0x00007ff85af53000 	C:\WINDOWS\System32\ADVAPI32.dll
0x00007ff85ae10000 - 0x00007ff85aea7000 	C:\WINDOWS\System32\sechost.dll
0x00007ff85be00000 - 0x00007ff85be08000 	C:\WINDOWS\System32\PSAPI.DLL
0x00007ff858140000 - 0x00007ff858149000 	C:\WINDOWS\SYSTEM32\WSOCK32.dll
0x00007ff856ae0000 - 0x00007ff856b04000 	C:\WINDOWS\SYSTEM32\WINMM.dll
0x00007ff85cbe0000 - 0x00007ff85cc4f000 	C:\WINDOWS\System32\WS2_32.dll
0x00007ff8522d0000 - 0x00007ff8522da000 	C:\WINDOWS\SYSTEM32\VERSION.dll
0x00007ff856a60000 - 0x00007ff856a8d000 	C:\WINDOWS\SYSTEM32\WINMMBASE.dll
0x00007ff85a990000 - 0x00007ff85a9da000 	C:\WINDOWS\System32\cfgmgr32.dll
0x00007ff859c40000 - 0x00007ff859c51000 	C:\WINDOWS\System32\kernel.appcore.dll
0x00007ff857f90000 - 0x00007ff857f9a000 	C:\Users\mount\Downloads\sts-4.9.0.RELEASE\plugins\org.eclipse.justj.openjdk.hotspot.jre.full.win32.x86_64_15.0.1.v20201027-0507\jre\bin\jimage.dll
0x00007ff8596d0000 - 0x00007ff8598c4000 	C:\WINDOWS\SYSTEM32\DBGHELP.DLL
0x00007ff859620000 - 0x00007ff85964a000 	C:\WINDOWS\SYSTEM32\dbgcore.DLL
0x00007ff83b500000 - 0x00007ff83b539000 	C:\Users\mount\Downloads\sts-4.9.0.RELEASE\plugins\org.eclipse.justj.openjdk.hotspot.jre.full.win32.x86_64_15.0.1.v20201027-0507\jre\bin\jdwp.dll
0x00007ff857fe0000 - 0x00007ff857fee000 	C:\Users\mount\Downloads\sts-4.9.0.RELEASE\plugins\org.eclipse.justj.openjdk.hotspot.jre.full.win32.x86_64_15.0.1.v20201027-0507\jre\bin\instrument.dll
0x00007ff857f60000 - 0x00007ff857f85000 	C:\Users\mount\Downloads\sts-4.9.0.RELEASE\plugins\org.eclipse.justj.openjdk.hotspot.jre.full.win32.x86_64_15.0.1.v20201027-0507\jre\bin\java.dll
0x00007ff857f40000 - 0x00007ff857f58000 	C:\Users\mount\Downloads\sts-4.9.0.RELEASE\plugins\org.eclipse.justj.openjdk.hotspot.jre.full.win32.x86_64_15.0.1.v20201027-0507\jre\bin\zip.dll
0x00007ff85c490000 - 0x00007ff85cb78000 	C:\WINDOWS\System32\SHELL32.dll
0x00007ff85c340000 - 0x00007ff85c3e7000 	C:\WINDOWS\System32\shcore.dll
0x00007ff85a210000 - 0x00007ff85a98b000 	C:\WINDOWS\System32\windows.storage.dll
0x00007ff859c60000 - 0x00007ff859c83000 	C:\WINDOWS\System32\profapi.dll
0x00007ff859c90000 - 0x00007ff859cda000 	C:\WINDOWS\System32\powrprof.dll
0x00007ff859c10000 - 0x00007ff859c20000 	C:\WINDOWS\System32\UMPDC.dll
0x00007ff85b740000 - 0x00007ff85b792000 	C:\WINDOWS\System32\shlwapi.dll
0x00007ff85a9e0000 - 0x00007ff85a9f7000 	C:\WINDOWS\System32\cryptsp.dll
0x00007ff857f10000 - 0x00007ff857f1b000 	C:\Users\mount\Downloads\sts-4.9.0.RELEASE\plugins\org.eclipse.justj.openjdk.hotspot.jre.full.win32.x86_64_15.0.1.v20201027-0507\jre\bin\dt_socket.dll
0x00007ff858a80000 - 0x00007ff858aba000 	C:\WINDOWS\SYSTEM32\IPHLPAPI.DLL
0x00007ff858d40000 - 0x00007ff858da7000 	C:\WINDOWS\system32\mswsock.dll
0x00007ff858ac0000 - 0x00007ff858b8b000 	C:\WINDOWS\SYSTEM32\DNSAPI.dll
0x00007ff85bfb0000 - 0x00007ff85bfb8000 	C:\WINDOWS\System32\NSI.dll
0x00007ff849650000 - 0x00007ff84965a000 	C:\Windows\System32\rasadhlp.dll
0x00007ff84b1e0000 - 0x00007ff84b257000 	C:\WINDOWS\System32\fwpuclnt.dll
0x00007ff85a180000 - 0x00007ff85a1a6000 	C:\WINDOWS\System32\bcrypt.dll
0x00007ff857f20000 - 0x00007ff857f39000 	C:\Users\mount\Downloads\sts-4.9.0.RELEASE\plugins\org.eclipse.justj.openjdk.hotspot.jre.full.win32.x86_64_15.0.1.v20201027-0507\jre\bin\net.dll
0x00007ff8492f0000 - 0x00007ff8493e0000 	C:\WINDOWS\SYSTEM32\WINHTTP.dll
0x00007ff857ea0000 - 0x00007ff857eb2000 	C:\Users\mount\Downloads\sts-4.9.0.RELEASE\plugins\org.eclipse.justj.openjdk.hotspot.jre.full.win32.x86_64_15.0.1.v20201027-0507\jre\bin\nio.dll
0x00007ff857dd0000 - 0x00007ff857de0000 	C:\Users\mount\Downloads\sts-4.9.0.RELEASE\plugins\org.eclipse.justj.openjdk.hotspot.jre.full.win32.x86_64_15.0.1.v20201027-0507\jre\bin\verify.dll
0x00007ff8588f0000 - 0x00007ff858923000 	C:\WINDOWS\system32\rsaenh.dll
0x00007ff859b30000 - 0x00007ff859b55000 	C:\WINDOWS\SYSTEM32\USERENV.dll
0x00007ff858fd0000 - 0x00007ff858fdc000 	C:\WINDOWS\SYSTEM32\CRYPTBASE.dll
0x00007ff84d9f0000 - 0x00007ff84da06000 	C:\WINDOWS\SYSTEM32\dhcpcsvc6.DLL
0x00007ff84e3d0000 - 0x00007ff84e3ec000 	C:\WINDOWS\SYSTEM32\dhcpcsvc.DLL
0x00007ff857f00000 - 0x00007ff857f0a000 	C:\Users\mount\AppData\Local\Temp\jansi-1.17.1-6206758303053442654.dll

dbghelp: loaded successfully - version: 4.0.5 - missing functions: none
symbol engine: initialized successfully - sym options: 0x614 - pdb path: .;C:\Users\mount\Downloads\sts-4.9.0.RELEASE\plugins\org.eclipse.justj.openjdk.hotspot.jre.full.win32.x86_64_15.0.1.v20201027-0507\jre\bin;C:\WINDOWS\SYSTEM32;C:\WINDOWS\WinSxS\amd64_microsoft.windows.common-controls_6595b64144ccf1df_6.0.18362.1316_none_9e7a364fe461dbd7;C:\Users\mount\Downloads\sts-4.9.0.RELEASE\plugins\org.eclipse.justj.openjdk.hotspot.jre.full.win32.x86_64_15.0.1.v20201027-0507\jre\bin\server;C:\Users\mount\AppData\Local\Temp

VM Arguments:
jvm_args: -XX:+ShowCodeDetailsInExceptionMessages -agentlib:jdwp=transport=dt_socket,suspend=y,address=localhost:51670 -Dmaven.home=EMBEDDED -Dclassworlds.conf=C:\sanha\.metadata\.plugins\org.eclipse.m2e.launching\launches\m2conf15713282656154290886.tmp -Dmaven.multiModuleProjectDirectory=C:\Users\mount\git\2021Camp\2021Project -Djansi.force=true -Djansi.passthrough=true -javaagent:C:\Users\mount\Downloads\sts-4.9.0.RELEASE\configuration\org.eclipse.osgi\252\0\.cp\lib\javaagent-shaded.jar -Dfile.encoding=UTF-8 
java_command: org.codehaus.plexus.classworlds.launcher.Launcher -B install -Dstyle.color=always
java_class_path (initial): C:\Users\mount\Downloads\sts-4.9.0.RELEASE\plugins\org.eclipse.m2e.maven.runtime_1.16.0.20200610-1735\jars\plexus-classworlds-2.6.0.jar
Launcher Type: SUN_STANDARD

[Global flags]
     intx CICompilerCount                          = 4                                         {product} {ergonomic}
     uint ConcGCThreads                            = 2                                         {product} {ergonomic}
     uint G1ConcRefinementThreads                  = 8                                         {product} {ergonomic}
   size_t G1HeapRegionSize                         = 1048576                                   {product} {ergonomic}
    uintx GCDrainStackTargetSize                   = 64                                        {product} {ergonomic}
   size_t InitialHeapSize                          = 127926272                                 {product} {ergonomic}
   size_t MarkStackSize                            = 4194304                                   {product} {ergonomic}
   size_t MaxHeapSize                              = 2027945984                                {product} {ergonomic}
   size_t MaxNewSize                               = 1216348160                                {product} {ergonomic}
   size_t MinHeapDeltaBytes                        = 1048576                                   {product} {ergonomic}
   size_t MinHeapSize                              = 8388608                                   {product} {ergonomic}
    uintx NonNMethodCodeHeapSize                   = 5839372                                {pd product} {ergonomic}
    uintx NonProfiledCodeHeapSize                  = 122909434                              {pd product} {ergonomic}
    uintx ProfiledCodeHeapSize                     = 122909434                              {pd product} {ergonomic}
    uintx ReservedCodeCacheSize                    = 251658240                              {pd product} {ergonomic}
     bool SegmentedCodeCache                       = true                                      {product} {ergonomic}
     bool ShowCodeDetailsInExceptionMessages       = true                                   {manageable} {command line}
   size_t SoftMaxHeapSize                          = 2027945984                             {manageable} {ergonomic}
     bool UseCompressedClassPointers               = true                                 {lp64_product} {ergonomic}
     bool UseCompressedOops                        = true                                 {lp64_product} {ergonomic}
     bool UseG1GC                                  = true                                      {product} {ergonomic}
     bool UseLargePagesIndividualAllocation        = false                                  {pd product} {ergonomic}

Logging:
Log output configuration:
 #0: stdout all=warning uptime,level,tags
 #1: stderr all=off uptime,level,tags

Environment Variables:
JAVA_HOME=C:\Program Files\Java\jdk-15.0.1
CLASSPATH=C:\Program Files\Java\jdk-15.0.1\lib
PATH=C:\Users\mount\Downloads\sts-4.9.0.RELEASE\plugins\org.eclipse.justj.openjdk.hotspot.jre.full.win32.x86_64_15.0.1.v20201027-0507\jre\bin;C:/Users/mount/Downloads/sts-4.9.0.RELEASE//plugins/org.eclipse.justj.openjdk.hotspot.jre.full.win32.x86_64_15.0.1.v20201027-0507/jre/bin/server;C:/Users/mount/Downloads/sts-4.9.0.RELEASE//plugins/org.eclipse.justj.openjdk.hotspot.jre.full.win32.x86_64_15.0.1.v20201027-0507/jre/bin;C:\Program Files\Common Files\Oracle\Java\javapath;C:\Program Files (x86)\Intel\Intel(R) Management Engine Components\iCLS\;C:\Program Files\Intel\Intel(R) Management Engine Components\iCLS\;C:\Windows\system32;C:\Windows;C:\Windows\System32\Wbem;C:\Windows\System32\WindowsPowerShell\v1.0\;C:\Windows\System32\OpenSSH\;C:\Program Files (x86)\Intel\Intel(R) Management Engine Components\DAL;C:\Program Files\Intel\Intel(R) Management Engine Components\DAL;C:\Program Files (x86)\NVIDIA Corporation\PhysX\Common;C:\Program Files\NVIDIA Corporation\NVIDIA NvDLISR;C:\WINDOWS\system32;C:\WINDOWS;C:\WINDOWS\System32\Wbem;C:\WINDOWS\System32\WindowsPowerShell\v1.0\;C:\WINDOWS\System32\OpenSSH\;C:\Program Files\Java\jdk-15.0.1\bin;C:\Program Files\Git\cmd;C:\src\flutter\flutter\bin;C:\Users\mount\AppData\Local\Android\Sdk\emulator;C:\Users\mount\AppData\Local\Android\Sdk\platform-tools;C:\Users\mount\AppData\Local\Android\Sdk\tools;C:\Users\mount\AppData\Local\Microsoft\WindowsApps;C:\Users\mount\AppData\Local\Programs\Microsoft VS Code\bin;C:\Program Files\Git\bin\git.exe;C:\Program Files\Git\cmd;C:\Windows\System32;C:\Program Files\heroku\bin;;C:\Users\mount\Downloads\sts-4.9.0.RELEASE;
USERNAME=mount
OS=Windows_NT
PROCESSOR_IDENTIFIER=Intel64 Family 6 Model 142 Stepping 11, GenuineIntel



---------------  S Y S T E M  ---------------

OS:
 Windows 10 , 64 bit Build 18362 (10.0.18362.1316)
OS uptime: 0 days 13:19 hours
HyperV virtualization detected

CPU: total 8 (initial active 8) (4 cores per cpu, 2 threads per core) family 6 model 142 stepping 11 microcode 0xb8, cmov, cx8, fxsr, mmx, sse, sse2, sse3, ssse3, sse4.1, sse4.2, popcnt, vzeroupper, avx, avx2, aes, clmul, erms, 3dnowpref, lzcnt, ht, tsc, tscinvbit, bmi1, bmi2, adx, fma, clflush, clflushopt

Memory: 4k page, system-wide physical 7735M (2324M free)
TotalPageFile size 9911M (AvailPageFile size 2297M)
current process WorkingSet (physical memory assigned to process): 222M, peak: 224M
current process commit charge ("private bytes"): 320M, peak: 321M

vm_info: OpenJDK 64-Bit Server VM (15.0.1+9-18) for windows-amd64 JRE (15.0.1+9-18), built on Sep 15 2020 14:39:31 by "mach5one" with unknown MS VC++:1925

END.
